TN:
SF:admin.js
FN:82,(anonymous_0)
FN:84,(anonymous_1)
FN:88,(anonymous_2)
FN:119,(anonymous_3)
FN:121,(anonymous_4)
FN:125,(anonymous_5)
FN:155,(anonymous_6)
FN:163,(anonymous_7)
FN:167,(anonymous_8)
FN:199,(anonymous_9)
FN:200,(anonymous_10)
FN:205,(anonymous_11)
FN:246,(anonymous_12)
FN:247,(anonymous_13)
FN:251,(anonymous_14)
FN:261,(anonymous_15)
FNF:16
FNH:9
FNDA:1,(anonymous_0)
FNDA:1,(anonymous_1)
FNDA:0,(anonymous_2)
FNDA:0,(anonymous_3)
FNDA:0,(anonymous_4)
FNDA:0,(anonymous_5)
FNDA:1,(anonymous_6)
FNDA:1,(anonymous_7)
FNDA:0,(anonymous_8)
FNDA:1,(anonymous_9)
FNDA:1,(anonymous_10)
FNDA:0,(anonymous_11)
FNDA:1,(anonymous_12)
FNDA:1,(anonymous_13)
FNDA:0,(anonymous_14)
FNDA:1,(anonymous_15)
DA:2,1
DA:3,1
DA:4,1
DA:6,1
DA:7,1
DA:8,1
DA:11,1
DA:12,1
DA:15,1
DA:16,1
DA:21,1
DA:37,1
DA:38,1
DA:39,1
DA:82,1
DA:84,1
DA:86,1
DA:89,0
DA:90,0
DA:119,1
DA:121,0
DA:123,0
DA:126,0
DA:127,0
DA:155,1
DA:156,1
DA:163,1
DA:164,1
DA:168,0
DA:169,0
DA:199,1
DA:200,1
DA:201,1
DA:202,1
DA:206,0
DA:207,0
DA:246,1
DA:247,1
DA:248,1
DA:250,1
DA:252,0
DA:253,0
DA:261,1
DA:262,1
DA:265,1
LF:45
LH:33
BRDA:89,0,0,0
BRDA:89,0,1,0
BRDA:126,1,0,0
BRDA:126,1,1,0
BRDA:168,2,0,0
BRDA:168,2,1,0
BRDA:206,3,0,0
BRDA:206,3,1,0
BRDA:252,4,0,0
BRDA:252,4,1,0
BRF:10
BRH:0
end_of_record
