TN:
SF:Flight.js
FNF:0
FNH:0
DA:1,1
DA:2,1
DA:4,1
DA:28,1
LF:4
LH:4
BRF:0
BRH:0
end_of_record
TN:
SF:flights.js
FN:19,(anonymous_0)
FN:20,(anonymous_1)
FN:105,(anonymous_2)
FN:116,(anonymous_3)
FN:120,(anonymous_4)
FN:143,(anonymous_5)
FN:144,(anonymous_6)
FN:173,(anonymous_7)
FN:174,(anonymous_8)
FN:181,(anonymous_9)
FN:213,(anonymous_10)
FN:214,(anonymous_11)
FN:221,(anonymous_12)
FN:260,(anonymous_13)
FN:264,(anonymous_14)
FN:269,(anonymous_15)
FN:300,(anonymous_16)
FN:301,(anonymous_17)
FN:306,(anonymous_18)
FN:345,(anonymous_19)
FN:354,(anonymous_20)
FN:358,(anonymous_21)
FN:367,(anonymous_22)
FNF:23
FNH:16
FNDA:1,(anonymous_0)
FNDA:0,(anonymous_1)
FNDA:1,(anonymous_2)
FNDA:1,(anonymous_3)
FNDA:0,(anonymous_4)
FNDA:1,(anonymous_5)
FNDA:1,(anonymous_6)
FNDA:1,(anonymous_7)
FNDA:1,(anonymous_8)
FNDA:0,(anonymous_9)
FNDA:1,(anonymous_10)
FNDA:1,(anonymous_11)
FNDA:0,(anonymous_12)
FNDA:1,(anonymous_13)
FNDA:1,(anonymous_14)
FNDA:0,(anonymous_15)
FNDA:1,(anonymous_16)
FNDA:1,(anonymous_17)
FNDA:0,(anonymous_18)
FNDA:1,(anonymous_19)
FNDA:1,(anonymous_20)
FNDA:0,(anonymous_21)
FNDA:1,(anonymous_22)
DA:2,1
DA:3,1
DA:4,1
DA:5,1
DA:8,1
DA:9,1
DA:12,1
DA:13,1
DA:15,1
DA:18,1
DA:19,1
DA:20,0
DA:22,1
DA:23,1
DA:30,1
DA:46,1
DA:47,1
DA:49,1
DA:105,1
DA:106,1
DA:115,1
DA:116,1
DA:117,1
DA:118,1
DA:121,0
DA:122,0
DA:143,1
DA:144,1
DA:145,1
DA:173,1
DA:174,1
DA:175,1
DA:176,1
DA:179,0
DA:182,0
DA:183,0
DA:213,1
DA:214,1
DA:215,1
DA:216,1
DA:219,0
DA:222,0
DA:223,0
DA:260,1
DA:261,1
DA:262,1
DA:264,1
DA:266,1
DA:267,1
DA:270,0
DA:271,0
DA:300,1
DA:301,1
DA:302,1
DA:303,1
DA:307,0
DA:308,0
DA:345,1
DA:346,1
DA:353,1
DA:355,1
DA:357,1
DA:359,0
DA:360,0
DA:367,1
DA:368,1
DA:371,1
LF:67
LH:52
BRDA:121,0,0,0
BRDA:121,0,1,0
BRDA:175,1,0,1
BRDA:175,1,1,0
BRDA:182,2,0,0
BRDA:182,2,1,0
BRDA:215,3,0,1
BRDA:215,3,1,0
BRDA:222,4,0,0
BRDA:222,4,1,0
BRDA:270,5,0,0
BRDA:270,5,1,0
BRDA:307,6,0,0
BRDA:307,6,1,0
BRDA:359,7,0,0
BRDA:359,7,1,0
BRF:16
BRH:2
end_of_record
